\BOOKMARK [1][-]{section.1}{\376\377\000I\000n\000t\000r\000o\000d\000u\000c\000c\000i\000\363\000n}{}% 1
\BOOKMARK [2][-]{subsection.1.1}{\376\377\000\277\000Q\000u\000\351\000\040\000e\000s\000\040\000M\000o\000d\000b\000u\000s\000\040\000T\000C\000P\000/\000I\000P\000?}{section.1}% 2
\BOOKMARK [2][-]{subsection.1.2}{\376\377\000\277\000P\000o\000r\000\040\000q\000u\000\351\000\040\000e\000s\000\040\000i\000n\000s\000e\000g\000u\000r\000o\000?}{section.1}% 3
\BOOKMARK [2][-]{subsection.1.3}{\376\377\000O\000b\000j\000e\000t\000i\000v\000o\000\040\000d\000e\000l\000\040\000l\000a\000b\000o\000r\000a\000t\000o\000r\000i\000o}{section.1}% 4
\BOOKMARK [2][-]{subsection.1.4}{\376\377\000E\000n\000t\000o\000r\000n\000o\000\040\000d\000e\000\040\000L\000a\000b\000o\000r\000a\000t\000o\000r\000i\000o}{section.1}% 5
\BOOKMARK [1][-]{section.2}{\376\377\000B\000r\000e\000a\000k\000i\000n\000g\000\040\000M\000o\000d\000b\000u\000s}{}% 6
\BOOKMARK [2][-]{subsection.2.1}{\376\377\000I\000n\000s\000t\000a\000l\000a\000c\000i\000\363\000n\000\040\000d\000e\000\040\000p\000a\000q\000u\000e\000t\000e\000s}{section.2}% 7
\BOOKMARK [3][-]{subsubsection.2.1.1}{\376\377\000E\000n\000\040\000U\000b\000u\000n\000t\000u\000\040\000\050\000S\000e\000r\000v\000i\000d\000o\000r\000\040\000M\000o\000d\000b\000u\000s\000\051}{subsection.2.1}% 8
\BOOKMARK [3][-]{subsubsection.2.1.2}{\376\377\000E\000n\000\040\000K\000a\000l\000i\000\040\000L\000i\000n\000u\000x\000\040\000\050\000A\000t\000a\000c\000a\000n\000t\000e\000\051}{subsection.2.1}% 9
\BOOKMARK [2][-]{subsection.2.2}{\376\377\000C\000o\000n\000f\000i\000g\000u\000r\000a\000c\000i\000\363\000n\000\040\000d\000e\000l\000\040\000S\000e\000r\000v\000i\000d\000o\000r\000\040\000M\000o\000d\000b\000u\000s}{section.2}% 10
\BOOKMARK [2][-]{subsection.2.3}{\376\377\000C\000o\000m\000u\000n\000i\000c\000a\000c\000i\000\363\000n\000\040\000c\000o\000n\000\040\000m\000o\000d\000b\000u\000s\000-\000c\000l\000i}{section.2}% 11
\BOOKMARK [3][-]{subsubsection.2.3.1}{\376\377\000L\000e\000c\000t\000u\000r\000a\000\040\000d\000e\000\040\000C\000o\000i\000l\000s}{subsection.2.3}% 12
\BOOKMARK [3][-]{subsubsection.2.3.2}{\376\377\000E\000s\000c\000r\000i\000t\000u\000r\000a\000\040\000d\000e\000\040\000v\000a\000l\000o\000r\000e\000s\000\040\000\050\000s\000i\000n\000\040\000a\000u\000t\000e\000n\000t\000i\000c\000a\000c\000i\000\363\000n\000\051}{subsection.2.3}% 13
\BOOKMARK [2][-]{subsection.2.4}{\376\377\000E\000s\000c\000a\000n\000e\000o\000\040\000c\000o\000n\000\040\000N\000m\000a\000p}{section.2}% 14
\BOOKMARK [3][-]{subsubsection.2.4.1}{\376\377\000D\000e\000s\000c\000u\000b\000r\000i\000m\000i\000e\000n\000t\000o\000\040\000d\000e\000\040\000h\000o\000s\000t\000s}{subsection.2.4}% 15
\BOOKMARK [3][-]{subsubsection.2.4.2}{\376\377\000E\000s\000c\000a\000n\000e\000o\000\040\000d\000e\000\040\000p\000u\000e\000r\000t\000o\000s}{subsection.2.4}% 16
\BOOKMARK [3][-]{subsubsection.2.4.3}{\376\377\000S\000c\000r\000i\000p\000t\000\040\000d\000e\000\040\000d\000e\000s\000c\000u\000b\000r\000i\000m\000i\000e\000n\000t\000o\000\040\000M\000o\000d\000b\000u\000s}{subsection.2.4}% 17
\BOOKMARK [1][-]{section.3}{\376\377\000U\000s\000i\000n\000g\000\040\000P\000y\000t\000h\000o\000n\000\040\000a\000n\000d\000\040\000S\000c\000a\000p\000y\000\040\000t\000o\000\040\000C\000o\000m\000m\000u\000n\000i\000c\000a\000t\000e\000\040\000o\000v\000e\000r\000\040\000M\000o\000d\000b\000u\000s}{}% 18
\BOOKMARK [2][-]{subsection.3.1}{\376\377\000C\000o\000n\000f\000i\000g\000u\000r\000a\000c\000i\000\363\000n\000\040\000d\000e\000\040\000S\000c\000a\000p\000y\000\040\000p\000a\000r\000a\000\040\000M\000o\000d\000b\000u\000s}{section.3}% 19
\BOOKMARK [2][-]{subsection.3.2}{\376\377\000D\000e\000s\000h\000a\000b\000i\000l\000i\000t\000a\000c\000i\000\363\000n\000\040\000d\000e\000\040\000R\000S\000T\000\040\000a\000u\000t\000o\000m\000\341\000t\000i\000c\000o}{section.3}% 20
\BOOKMARK [2][-]{subsection.3.3}{\376\377\000C\000r\000e\000a\000c\000i\000\363\000n\000\040\000d\000e\000\040\000p\000a\000q\000u\000e\000t\000e\000s\000\040\000M\000o\000d\000b\000u\000s\000\040\000c\000o\000n\000\040\000S\000c\000a\000p\000y}{section.3}% 21
\BOOKMARK [2][-]{subsection.3.4}{\376\377\000S\000c\000r\000i\000p\000t\000\040\000d\000e\000\040\000c\000o\000m\000u\000n\000i\000c\000a\000c\000i\000\363\000n\000\040\000M\000o\000d\000b\000u\000s\000\040\000c\000o\000n\000\040\000T\000C\000P\000\040\000H\000a\000n\000d\000s\000h\000a\000k\000e}{section.3}% 22
\BOOKMARK [1][-]{section.4}{\376\377\000R\000e\000p\000l\000a\000y\000i\000n\000g\000\040\000C\000a\000p\000t\000u\000r\000e\000d\000\040\000M\000o\000d\000b\000u\000s\000\040\000P\000a\000c\000k\000e\000t\000s}{}% 23
\BOOKMARK [2][-]{subsection.4.1}{\376\377\000C\000a\000p\000t\000u\000r\000a\000\040\000d\000e\000\040\000t\000r\000\341\000f\000i\000c\000o\000\040\000c\000o\000n\000\040\000W\000i\000r\000e\000s\000h\000a\000r\000k}{section.4}% 24
\BOOKMARK [2][-]{subsection.4.2}{\376\377\000E\000x\000p\000o\000r\000t\000a\000c\000i\000\363\000n\000\040\000d\000e\000\040\000p\000a\000q\000u\000e\000t\000e\000\040\000c\000o\000m\000o\000\040\000H\000e\000x\000\040\000S\000t\000r\000e\000a\000m}{section.4}% 25
\BOOKMARK [2][-]{subsection.4.3}{\376\377\000I\000m\000p\000o\000r\000t\000a\000c\000i\000\363\000n\000\040\000y\000\040\000m\000a\000n\000i\000p\000u\000l\000a\000c\000i\000\363\000n\000\040\000e\000n\000\040\000S\000c\000a\000p\000y}{section.4}% 26
\BOOKMARK [2][-]{subsection.4.4}{\376\377\000M\000o\000d\000i\000f\000i\000c\000a\000c\000i\000\363\000n\000\040\000y\000\040\000r\000e\000e\000n\000v\000\355\000o}{section.4}% 27
\BOOKMARK [1][-]{section.5}{\376\377\000A\000n\000\341\000l\000i\000s\000i\000s\000\040\000d\000e\000\040\000V\000u\000l\000n\000e\000r\000a\000b\000i\000l\000i\000d\000a\000d\000e\000s}{}% 28
\BOOKMARK [2][-]{subsection.5.1}{\376\377\000V\000u\000l\000n\000e\000r\000a\000b\000i\000l\000i\000d\000a\000d\000e\000s\000\040\000i\000d\000e\000n\000t\000i\000f\000i\000c\000a\000d\000a\000s}{section.5}% 29
\BOOKMARK [2][-]{subsection.5.2}{\376\377\000C\000\363\000d\000i\000g\000o\000s\000\040\000d\000e\000\040\000f\000u\000n\000c\000i\000\363\000n\000\040\000M\000o\000d\000b\000u\000s\000\040\000u\000t\000i\000l\000i\000z\000a\000d\000o\000s}{section.5}% 30
\BOOKMARK [1][-]{section.6}{\376\377\000C\000o\000n\000c\000l\000u\000s\000i\000o\000n\000e\000s}{}% 31
\BOOKMARK [1][-]{section.7}{\376\377\000R\000e\000f\000e\000r\000e\000n\000c\000i\000a\000s}{}% 32
